00:00:00.002 [pool-1-thread-1] INFO  m.w.n.c.a.SessionValidator - validate session in noteblog application task... 
00:10:00.008 [pool-1-thread-1] INFO  m.w.n.c.a.SessionValidator - validate session in noteblog application task... 
00:20:00.008 [pool-1-thread-1] INFO  m.w.n.c.a.SessionValidator - validate session in noteblog application task... 
00:30:00.003 [pool-1-thread-1] INFO  m.w.n.c.a.SessionValidator - validate session in noteblog application task... 
00:40:00.006 [pool-1-thread-1] INFO  m.w.n.c.a.SessionValidator - validate session in noteblog application task... 
00:50:00.002 [pool-1-thread-1] INFO  m.w.n.c.a.SessionValidator - validate session in noteblog application task... 
01:00:00.008 [pool-1-thread-1] INFO  m.w.n.c.a.SessionValidator - validate session in noteblog application task... 
01:10:00.007 [pool-1-thread-1] INFO  m.w.n.c.a.SessionValidator - validate session in noteblog application task... 
01:20:00.001 [pool-1-thread-1] INFO  m.w.n.c.a.SessionValidator - validate session in noteblog application task... 
01:30:00.004 [pool-1-thread-1] INFO  m.w.n.c.a.SessionValidator - validate session in noteblog application task... 
01:40:00.005 [pool-1-thread-1] INFO  m.w.n.c.a.SessionValidator - validate session in noteblog application task... 
01:50:00.008 [pool-1-thread-1] INFO  m.w.n.c.a.SessionValidator - validate session in noteblog application task... 
02:00:00.003 [pool-1-thread-1] INFO  m.w.n.c.a.SessionValidator - validate session in noteblog application task... 
02:10:00.007 [pool-1-thread-1] INFO  m.w.n.c.a.SessionValidator - validate session in noteblog application task... 
02:20:00.009 [pool-1-thread-1] INFO  m.w.n.c.a.SessionValidator - validate session in noteblog application task... 
02:30:00.004 [pool-1-thread-1] INFO  m.w.n.c.a.SessionValidator - validate session in noteblog application task... 
02:40:00.008 [pool-1-thread-1] INFO  m.w.n.c.a.SessionValidator - validate session in noteblog application task... 
02:50:00.007 [pool-1-thread-1] INFO  m.w.n.c.a.SessionValidator - validate session in noteblog application task... 
03:00:00.023 [pool-1-thread-1] INFO  m.w.n.c.a.SessionValidator - validate session in noteblog application task... 
03:10:00.005 [pool-1-thread-1] INFO  m.w.n.c.a.SessionValidator - validate session in noteblog application task... 
03:20:00.009 [pool-1-thread-1] INFO  m.w.n.c.a.SessionValidator - validate session in noteblog application task... 
03:30:00.005 [pool-1-thread-1] INFO  m.w.n.c.a.SessionValidator - validate session in noteblog application task... 
03:40:00.004 [pool-1-thread-1] INFO  m.w.n.c.a.SessionValidator - validate session in noteblog application task... 
03:50:00.004 [pool-1-thread-1] INFO  m.w.n.c.a.SessionValidator - validate session in noteblog application task... 
04:00:00.009 [pool-1-thread-1] INFO  m.w.n.c.a.SessionValidator - validate session in noteblog application task... 
04:10:00.003 [pool-1-thread-1] INFO  m.w.n.c.a.SessionValidator - validate session in noteblog application task... 
04:20:00.002 [pool-1-thread-1] INFO  m.w.n.c.a.SessionValidator - validate session in noteblog application task... 
04:30:00.005 [pool-1-thread-1] INFO  m.w.n.c.a.SessionValidator - validate session in noteblog application task... 
04:40:00.004 [pool-1-thread-1] INFO  m.w.n.c.a.SessionValidator - validate session in noteblog application task... 
04:50:00.001 [pool-1-thread-1] INFO  m.w.n.c.a.SessionValidator - validate session in noteblog application task... 
05:00:00.003 [pool-1-thread-1] INFO  m.w.n.c.a.SessionValidator - validate session in noteblog application task... 
05:10:00.004 [pool-1-thread-1] INFO  m.w.n.c.a.SessionValidator - validate session in noteblog application task... 
05:20:00.003 [pool-1-thread-1] INFO  m.w.n.c.a.SessionValidator - validate session in noteblog application task... 
05:30:00.000 [pool-1-thread-1] INFO  m.w.n.c.a.SessionValidator - validate session in noteblog application task... 
05:40:00.004 [pool-1-thread-1] INFO  m.w.n.c.a.SessionValidator - validate session in noteblog application task... 
05:50:00.006 [pool-1-thread-1] INFO  m.w.n.c.a.SessionValidator - validate session in noteblog application task... 
06:00:00.008 [pool-1-thread-1] INFO  m.w.n.c.a.SessionValidator - validate session in noteblog application task... 
06:10:00.003 [pool-1-thread-1] INFO  m.w.n.c.a.SessionValidator - validate session in noteblog application task... 
06:20:00.004 [pool-1-thread-1] INFO  m.w.n.c.a.SessionValidator - validate session in noteblog application task... 
06:30:00.003 [pool-1-thread-1] INFO  m.w.n.c.a.SessionValidator - validate session in noteblog application task... 
06:40:00.004 [pool-1-thread-1] INFO  m.w.n.c.a.SessionValidator - validate session in noteblog application task... 
06:50:00.001 [pool-1-thread-1] INFO  m.w.n.c.a.SessionValidator - validate session in noteblog application task... 
07:00:00.001 [pool-1-thread-1] INFO  m.w.n.c.a.SessionValidator - validate session in noteblog application task... 
07:10:00.003 [pool-1-thread-1] INFO  m.w.n.c.a.SessionValidator - validate session in noteblog application task... 
07:20:00.004 [pool-1-thread-1] INFO  m.w.n.c.a.SessionValidator - validate session in noteblog application task... 
07:30:00.003 [pool-1-thread-1] INFO  m.w.n.c.a.SessionValidator - validate session in noteblog application task... 
07:40:00.006 [pool-1-thread-1] INFO  m.w.n.c.a.SessionValidator - validate session in noteblog application task... 
07:50:00.007 [pool-1-thread-1] INFO  m.w.n.c.a.SessionValidator - validate session in noteblog application task... 
08:00:00.006 [pool-1-thread-1] INFO  m.w.n.c.a.SessionValidator - validate session in noteblog application task... 
08:10:00.007 [pool-1-thread-1] INFO  m.w.n.c.a.SessionValidator - validate session in noteblog application task... 
08:20:00.006 [pool-1-thread-1] INFO  m.w.n.c.a.SessionValidator - validate session in noteblog application task... 
08:30:00.008 [pool-1-thread-1] INFO  m.w.n.c.a.SessionValidator - validate session in noteblog application task... 
08:40:00.008 [pool-1-thread-1] INFO  m.w.n.c.a.SessionValidator - validate session in noteblog application task... 
08:50:00.008 [pool-1-thread-1] INFO  m.w.n.c.a.SessionValidator - validate session in noteblog application task... 
09:00:00.004 [pool-1-thread-1] INFO  m.w.n.c.a.SessionValidator - validate session in noteblog application task... 
09:10:00.008 [pool-1-thread-1] INFO  m.w.n.c.a.SessionValidator - validate session in noteblog application task... 
09:20:00.005 [pool-1-thread-1] INFO  m.w.n.c.a.SessionValidator - validate session in noteblog application task... 
09:30:00.019 [pool-1-thread-1] INFO  m.w.n.c.a.SessionValidator - validate session in noteblog application task... 
09:40:00.002 [pool-1-thread-1] INFO  m.w.n.c.a.SessionValidator - validate session in noteblog application task... 
09:50:00.002 [pool-1-thread-1] INFO  m.w.n.c.a.SessionValidator - validate session in noteblog application task... 
10:00:00.004 [pool-1-thread-1] INFO  m.w.n.c.a.SessionValidator - validate session in noteblog application task... 
10:10:00.006 [pool-1-thread-1] INFO  m.w.n.c.a.SessionValidator - validate session in noteblog application task... 
10:20:00.004 [pool-1-thread-1] INFO  m.w.n.c.a.SessionValidator - validate session in noteblog application task... 
10:30:00.002 [pool-1-thread-1] INFO  m.w.n.c.a.SessionValidator - validate session in noteblog application task... 
10:40:00.009 [pool-1-thread-1] INFO  m.w.n.c.a.SessionValidator - validate session in noteblog application task... 
10:50:00.003 [pool-1-thread-1] INFO  m.w.n.c.a.SessionValidator - validate session in noteblog application task... 
11:00:00.003 [pool-1-thread-1] INFO  m.w.n.c.a.SessionValidator - validate session in noteblog application task... 
11:10:00.003 [pool-1-thread-1] INFO  m.w.n.c.a.SessionValidator - validate session in noteblog application task... 
11:20:00.007 [pool-1-thread-1] INFO  m.w.n.c.a.SessionValidator - validate session in noteblog application task... 
11:30:00.002 [pool-1-thread-1] INFO  m.w.n.c.a.SessionValidator - validate session in noteblog application task... 
11:40:00.007 [pool-1-thread-1] INFO  m.w.n.c.a.SessionValidator - validate session in noteblog application task... 
11:50:00.005 [pool-1-thread-1] INFO  m.w.n.c.a.SessionValidator - validate session in noteblog application task... 
12:00:00.004 [pool-1-thread-1] INFO  m.w.n.c.a.SessionValidator - validate session in noteblog application task... 
12:10:00.003 [pool-1-thread-1] INFO  m.w.n.c.a.SessionValidator - validate session in noteblog application task... 
12:20:00.004 [pool-1-thread-1] INFO  m.w.n.c.a.SessionValidator - validate session in noteblog application task... 
12:30:00.002 [pool-1-thread-1] INFO  m.w.n.c.a.SessionValidator - validate session in noteblog application task... 
12:40:00.009 [pool-1-thread-1] INFO  m.w.n.c.a.SessionValidator - validate session in noteblog application task... 
12:50:00.004 [pool-1-thread-1] INFO  m.w.n.c.a.SessionValidator - validate session in noteblog application task... 
13:00:00.006 [pool-1-thread-1] INFO  m.w.n.c.a.SessionValidator - validate session in noteblog application task... 
13:10:00.003 [pool-1-thread-1] INFO  m.w.n.c.a.SessionValidator - validate session in noteblog application task... 
13:20:00.009 [pool-1-thread-1] INFO  m.w.n.c.a.SessionValidator - validate session in noteblog application task... 
13:30:00.004 [pool-1-thread-1] INFO  m.w.n.c.a.SessionValidator - validate session in noteblog application task... 
13:40:00.002 [pool-1-thread-1] INFO  m.w.n.c.a.SessionValidator - validate session in noteblog application task... 
13:50:00.003 [pool-1-thread-1] INFO  m.w.n.c.a.SessionValidator - validate session in noteblog application task... 
14:00:00.007 [pool-1-thread-1] INFO  m.w.n.c.a.SessionValidator - validate session in noteblog application task... 
14:10:00.010 [pool-1-thread-1] INFO  m.w.n.c.a.SessionValidator - validate session in noteblog application task... 
14:20:00.004 [pool-1-thread-1] INFO  m.w.n.c.a.SessionValidator - validate session in noteblog application task... 
14:30:00.001 [pool-1-thread-1] INFO  m.w.n.c.a.SessionValidator - validate session in noteblog application task... 
14:40:00.007 [pool-1-thread-1] INFO  m.w.n.c.a.SessionValidator - validate session in noteblog application task... 
14:50:00.014 [pool-1-thread-1] INFO  m.w.n.c.a.SessionValidator - validate session in noteblog application task... 
15:00:00.008 [pool-1-thread-1] INFO  m.w.n.c.a.SessionValidator - validate session in noteblog application task... 
15:10:00.010 [pool-1-thread-1] INFO  m.w.n.c.a.SessionValidator - validate session in noteblog application task... 
15:20:00.009 [pool-1-thread-1] INFO  m.w.n.c.a.SessionValidator - validate session in noteblog application task... 
15:30:00.004 [pool-1-thread-1] INFO  m.w.n.c.a.SessionValidator - validate session in noteblog application task... 
16:23:29.835 [pool-1-thread-1] INFO  m.w.n.c.a.SessionValidator - validate session in noteblog application task... 
16:30:00.006 [pool-1-thread-1] INFO  m.w.n.c.a.SessionValidator - validate session in noteblog application task... 
16:40:00.000 [pool-1-thread-1] INFO  m.w.n.c.a.SessionValidator - validate session in noteblog application task... 
16:50:00.001 [pool-1-thread-1] INFO  m.w.n.c.a.SessionValidator - validate session in noteblog application task... 
17:00:00.009 [pool-1-thread-1] INFO  m.w.n.c.a.SessionValidator - validate session in noteblog application task... 
17:10:00.006 [pool-1-thread-1] INFO  m.w.n.c.a.SessionValidator - validate session in noteblog application task... 
17:20:00.000 [pool-1-thread-1] INFO  m.w.n.c.a.SessionValidator - validate session in noteblog application task... 
17:30:00.003 [pool-1-thread-1] INFO  m.w.n.c.a.SessionValidator - validate session in noteblog application task... 
17:40:00.002 [pool-1-thread-1] INFO  m.w.n.c.a.SessionValidator - validate session in noteblog application task... 
17:50:00.003 [pool-1-thread-1] INFO  m.w.n.c.a.SessionValidator - validate session in noteblog application task... 
18:00:00.003 [pool-1-thread-1] INFO  m.w.n.c.a.SessionValidator - validate session in noteblog application task... 
18:10:00.003 [pool-1-thread-1] INFO  m.w.n.c.a.SessionValidator - validate session in noteblog application task... 
18:20:00.004 [pool-1-thread-1] INFO  m.w.n.c.a.SessionValidator - validate session in noteblog application task... 
18:30:00.006 [pool-1-thread-1] INFO  m.w.n.c.a.SessionValidator - validate session in noteblog application task... 
18:40:00.006 [pool-1-thread-1] INFO  m.w.n.c.a.SessionValidator - validate session in noteblog application task... 
18:50:00.007 [pool-1-thread-1] INFO  m.w.n.c.a.SessionValidator - validate session in noteblog application task... 
19:00:00.004 [pool-1-thread-1] INFO  m.w.n.c.a.SessionValidator - validate session in noteblog application task... 
19:10:00.011 [pool-1-thread-1] INFO  m.w.n.c.a.SessionValidator - validate session in noteblog application task... 
19:20:00.009 [pool-1-thread-1] INFO  m.w.n.c.a.SessionValidator - validate session in noteblog application task... 
19:30:00.004 [pool-1-thread-1] INFO  m.w.n.c.a.SessionValidator - validate session in noteblog application task... 
19:40:00.012 [pool-1-thread-1] INFO  m.w.n.c.a.SessionValidator - validate session in noteblog application task... 
19:50:00.003 [pool-1-thread-1] INFO  m.w.n.c.a.SessionValidator - validate session in noteblog application task... 
20:00:00.003 [pool-1-thread-1] INFO  m.w.n.c.a.SessionValidator - validate session in noteblog application task... 
20:10:00.005 [pool-1-thread-1] INFO  m.w.n.c.a.SessionValidator - validate session in noteblog application task... 
20:20:00.007 [pool-1-thread-1] INFO  m.w.n.c.a.SessionValidator - validate session in noteblog application task... 
20:30:00.004 [pool-1-thread-1] INFO  m.w.n.c.a.SessionValidator - validate session in noteblog application task... 
20:40:00.013 [pool-1-thread-1] INFO  m.w.n.c.a.SessionValidator - validate session in noteblog application task... 
20:50:00.001 [pool-1-thread-1] INFO  m.w.n.c.a.SessionValidator - validate session in noteblog application task... 
21:00:00.004 [pool-1-thread-1] INFO  m.w.n.c.a.SessionValidator - validate session in noteblog application task... 
21:10:00.011 [pool-1-thread-1] INFO  m.w.n.c.a.SessionValidator - validate session in noteblog application task... 
21:20:00.014 [pool-1-thread-1] INFO  m.w.n.c.a.SessionValidator - validate session in noteblog application task... 
21:30:00.001 [pool-1-thread-1] INFO  m.w.n.c.a.SessionValidator - validate session in noteblog application task... 
21:40:00.004 [pool-1-thread-1] INFO  m.w.n.c.a.SessionValidator - validate session in noteblog application task... 
21:50:00.005 [pool-1-thread-1] INFO  m.w.n.c.a.SessionValidator - validate session in noteblog application task... 
22:00:00.003 [pool-1-thread-1] INFO  m.w.n.c.a.SessionValidator - validate session in noteblog application task... 
22:10:00.009 [pool-1-thread-1] INFO  m.w.n.c.a.SessionValidator - validate session in noteblog application task... 
22:30:32.824 [Thread-50] INFO  o.s.b.w.s.c.AnnotationConfigServletWebServerApplicationContext - Closing org.springframework.boot.web.servlet.context.AnnotationConfigServletWebServerApplicationContext@6e227358: startup date [Thu Mar 19 13:47:51 CST 2020]; root of context hierarchy 
22:30:34.565 [Thread-50] INFO  o.s.j.e.a.AnnotationMBeanExporter - Unregistering JMX-exposed beans on shutdown 
22:30:34.576 [Thread-50] INFO  o.s.j.e.a.AnnotationMBeanExporter - Unregistering JMX-exposed beans 
22:30:34.625 [Thread-50] INFO  o.s.o.j.LocalContainerEntityManagerFactoryBean - Closing JPA EntityManagerFactory for persistence unit 'default' 
22:30:34.816 [Thread-50] INFO  c.a.druid.pool.DruidDataSource - {dataSource-1} closed 
